<?xml version="1.0" encoding="utf-8"?><testsuites name="pytest tests"><testsuite name="pytest" errors="0" failures="0" skipped="0" tests="4" time="0.239" timestamp="2026-09-14T15:48:08.013051+08:00" hostname="train06"><testcase classname="tests.gates.test_module_boundaries" name="test_v2_bytes_unchanged_from_A_entry" time="0.020" /><testcase classname="tests.gates.test_module_boundaries" name="test_new_binding_import_does_not_open_a_library" time="0.083" /><testcase classname="tests.gates.test_module_boundaries" name="test_runtime_has_no_framework_import_or_facade_proxy" time="0.022" /><testcase classname="tests.gates.test_module_boundaries" name="test_core_imports_without_framework_or_native_library" time="0.083" /></testsuite></testsuites>