<?xml version="1.0" encoding="utf-8"?><testsuites name="pytest tests"><testsuite name="pytest" errors="0" failures="0" skipped="0" tests="165" time="9.516" timestamp="2026-09-14T00:05:55.381946+08:00" hostname="train06"><testcase classname="tests.python.test_baseline_repro" name="test_raw_snapshot_roundtrip_and_digest" time="0.003" /><testcase classname="tests.python.test_baseline_repro" name="test_shared_snapshot_descriptor_roundtrip" time="0.025" /><testcase classname="tests.python.test_baseline_repro" name="test_chunked_raw_snapshot_roundtrip" time="0.003" /><testcase classname="tests.python.test_baseline_repro" name="test_shared_snapshot_view_roundtrip_without_copy" time="0.001" /><testcase classname="tests.python.test_baseline_repro" name="test_handle_requires_durable_terminal_state" time="0.002" /><testcase classname="tests.python.test_baseline_repro" name="test_handle_records_full_state_machine_timestamps" time="0.002" /><testcase classname="tests.python.test_baseline_repro" name="test_formal_semantic_port_gate_requires_restore_and_terminal_generations" time="0.001" /><testcase classname="tests.python.test_baseline_repro" name="test_adapter_evidence_discloses_port_substitutions" time="0.001" /><testcase classname="tests.python.test_baseline_repro" name="test_native_mindspore_save_adapter_is_distinct_from_raw_reference" time="0.001" /><testcase classname="tests.python.test_baseline_repro" name="test_inventory_records_missing_run_without_guessing" time="0.210" /><testcase classname="tests.python.test_baseline_repro" name="test_ours_handle_normalizes_native_persisted_event" time="0.001" /><testcase classname="tests.python.test_baseline_repro" name="test_ours_restore_checks_generation_and_forwards_verification_mode" time="0.001" /><testcase classname="tests.python.test_category_delta" name="test_category_frame_roundtrip_and_accounting" time="0.122" /><testcase classname="tests.python.test_category_delta" name="test_crc_and_generation_guards" time="0.002" /><testcase classname="tests.python.test_checkpoint_admission" name="test_try_admission_returns_explicit_busy" time="0.001" /><testcase classname="tests.python.test_checkpoint_admission" name="test_snapshot_admission_returns_explicit_busy_and_releases_request" time="0.001" /><testcase classname="tests.python.test_checkpoint_admission" name="test_poison_rejects_until_explicit_reset" time="0.001" /><testcase classname="tests.python.test_checkpoint_admission" name="test_first_failure_cancels_later_accepted_generation" time="0.001" /><testcase classname="tests.python.test_delta_protocol.DeltaProtocolTests" name="test_apply_delta_patches_updates_expected_ranges" time="0.002" /><testcase classname="tests.python.test_delta_protocol.DeltaProtocolTests" name="test_corrupted_payload_is_rejected" time="0.001" /><testcase classname="tests.python.test_delta_protocol.DeltaProtocolTests" name="test_file_writer_rotates_slots_and_reads_latest_contents" time="0.001" /><testcase classname="tests.python.test_delta_protocol.DeltaProtocolTests" name="test_lossless_fp16_apply_is_additive_cpu_oracle" time="0.001" /><testcase classname="tests.python.test_delta_protocol.DeltaProtocolTests" name="test_lossless_fp16_round_trip_carries_lineage" time="0.001" /><testcase classname="tests.python.test_delta_protocol.DeltaProtocolTests" name="test_lossless_truncation_and_crc_are_rejected" time="0.001" /><testcase classname="tests.python.test_delta_protocol.DeltaProtocolTests" name="test_round_trip_preserves_records" time="0.001" /><testcase classname="tests.python.test_delta_protocol.DeltaProtocolTests" name="test_truncated_frame_is_rejected" time="0.001" /><testcase classname="tests.python.test_delta_protocol.DeltaProtocolTests" name="test_unparsed_payload_is_rejected_even_with_valid_checksum" time="0.001" /><testcase classname="tests.python.test_disk_layout.DiskLayoutTests" name="test_large_metadata_is_compressed_and_round_trips" time="0.028" /><testcase classname="tests.python.test_disk_layout.DiskLayoutTests" name="test_layout_rejects_full_delta_overlap" time="0.001" /><testcase classname="tests.python.test_disk_layout.DiskLayoutTests" name="test_metadata_round_trip_and_crc_rejection" time="0.001" /><testcase classname="tests.python.test_disk_layout.DiskLayoutTests" name="test_superblock_crc_rejection" time="0.001" /><testcase classname="tests.python.test_disk_layout.DiskLayoutTests" name="test_v2_layout_round_trip_has_disjoint_regions" time="0.001" /><testcase classname="tests.python.test_environment_upgrade.UserEnvironmentTests" name="test_candidate_is_not_implicitly_available_or_promoted" time="0.002" /><testcase classname="tests.python.test_environment_upgrade.UserEnvironmentTests" name="test_candidate_symlink_cannot_escape_private_installation" time="0.002" /><testcase classname="tests.python.test_environment_upgrade.UserEnvironmentTests" name="test_driver_change_requires_new_audit" time="0.002" /><testcase classname="tests.python.test_environment_upgrade.UserEnvironmentTests" name="test_inherited_python_cann_and_shell_hooks_are_removed" time="0.003" /><testcase classname="tests.python.test_environment_upgrade.UserEnvironmentTests" name="test_library_change_changes_environment_identity" time="0.003" /><testcase classname="tests.python.test_environment_upgrade.UserEnvironmentTests" name="test_matching_cann_is_accepted" time="0.003" /><testcase classname="tests.python.test_environment_upgrade.UserEnvironmentTests" name="test_missing_dependencies_and_wrong_cann_are_rejected" time="0.005" /><testcase classname="tests.python.test_environment_upgrade.UserEnvironmentTests" name="test_python_package_change_invalidates_environment_identity" time="0.003" /><testcase classname="tests.python.test_environment_upgrade.InventoryAndModelTests" name="test_config_support_never_implies_training_or_restart" time="0.006" /><testcase classname="tests.python.test_environment_upgrade.InventoryAndModelTests" name="test_permission_error_is_not_reported_as_missing" time="0.002" /><testcase classname="tests.python.test_experiment_evidence.PptEvidenceTests" name="test_bundle_writes_required_files_and_null_schema" time="0.163" /><testcase classname="tests.python.test_experiment_evidence.PptEvidenceTests" name="test_stats_reports_p99_at_thirty_samples" time="0.324" /><testcase classname="tests.python.test_experiment_evidence.PptEvidenceTests" name="test_stats_suppresses_p99_for_small_samples" time="0.001" /><testcase classname="tests.python.test_frame_lifecycle.FrameLifecycleTests" name="test_bad_ack_and_generation_are_hard_failures" time="0.001" /><testcase classname="tests.python.test_frame_lifecycle.FrameLifecycleTests" name="test_hbm_descriptor_is_frozen_until_persistence_ack" time="0.011" /><testcase classname="tests.python.test_frame_lifecycle.FrameLifecycleTests" name="test_hbm_publish_rejects_invalid_capacity_and_wrong_writer" time="0.001" /><testcase classname="tests.python.test_frame_lifecycle.FrameLifecycleTests" name="test_slow_writer_releases_backpressure_after_ack" time="0.031" /><testcase classname="tests.python.test_frame_lifecycle.FrameLifecycleTests" name="test_unacknowledged_payload_cannot_be_reused_or_mutated" time="0.011" /><testcase classname="tests.python.test_full_checkpoint_protocol.FullCheckpointProtocolTests" name="test_full_success_requires_persistence_and_restore" time="0.001" /><testcase classname="tests.python.test_full_checkpoint_protocol.FullCheckpointProtocolTests" name="test_happy_path_transitions" time="0.001" /><testcase classname="tests.python.test_full_checkpoint_protocol.FullCheckpointProtocolTests" name="test_metadata_cannot_precede_flush" time="0.001" /><testcase classname="tests.python.test_full_checkpoint_protocol.FullCheckpointProtocolTests" name="test_none_baseline_is_not_restore_success" time="0.001" /><testcase classname="tests.python.test_hbm_slots.HbmSlotLedgerTests" name="test_failed_slot_is_reusable_but_unacknowledged_slot_is_not" time="0.001" /><testcase classname="tests.python.test_hbm_slots.HbmSlotLedgerTests" name="test_normal_lifecycle_and_reuse_after_persist" time="0.001" /><testcase classname="tests.python.test_incremental_frame.IncrementalFrameTests" name="test_corruption_is_rejected" time="0.001" /><testcase classname="tests.python.test_incremental_frame.IncrementalFrameTests" name="test_descriptor_reservation_keeps_prefix_size_stable" time="0.001" /><testcase classname="tests.python.test_incremental_frame.IncrementalFrameTests" name="test_generation_lineage_is_rejected" time="0.001" /><testcase classname="tests.python.test_incremental_frame.IncrementalFrameTests" name="test_invalid_descriptor_reservation_is_rejected" time="0.001" /><testcase classname="tests.python.test_incremental_frame.IncrementalFrameTests" name="test_large_descriptor_prefix_is_self_describing" time="0.004" /><testcase classname="tests.python.test_incremental_frame.IncrementalFrameTests" name="test_large_payload_uses_64bit_length_header" time="0.001" /><testcase classname="tests.python.test_incremental_frame.IncrementalFrameTests" name="test_round_trip_native_value_and_control" time="0.001" /><testcase classname="tests.python.test_incremental_manifest.IncrementalManifestTests" name="test_manifest_rejects_unsupported_component" time="0.001" /><testcase classname="tests.python.test_incremental_manifest.IncrementalManifestTests" name="test_order_and_alias_are_stable" time="0.001" /><testcase classname="tests.python.test_incremental_manifest.IncrementalManifestTests" name="test_state_id_changes_with_dtype" time="0.001" /><testcase classname="tests.python.test_io4_decision" name="test_aggregate_keeps_real_outstanding_and_byte_gate" time="0.001" /><testcase classname="tests.python.test_io4_decision" name="test_multi_reactor_never_passes_without_controlled_owner_gain" time="0.001" /><testcase classname="tests.python.test_live_async_capability" name="test_live_async_reports_generation_staging_capability" time="0.001" /><testcase classname="tests.python.test_longrun_utils" name="test_campaign_resume_requires_matching_commit_and_config" time="0.002" /><testcase classname="tests.python.test_longrun_utils" name="test_completed_result_only_reuses_durable_pass" time="0.002" /><testcase classname="tests.python.test_longrun_utils" name="test_atomic_json_replaces_complete_document" time="0.003" /><testcase classname="tests.python.test_longrun_utils" name="test_checked_stdout_rejects_failed_or_empty_commands" time="0.001" /><testcase classname="tests.python.test_multirank_protocol" name="test_commit_requires_every_rank_and_publishes_shards" time="0.001" /><testcase classname="tests.python.test_multirank_protocol" name="test_invalid_global_commit_aborts_or_rejects[duplicate]" time="0.001" /><testcase classname="tests.python.test_multirank_protocol" name="test_invalid_global_commit_aborts_or_rejects[mismatch]" time="0.001" /><testcase classname="tests.python.test_multirank_protocol" name="test_invalid_global_commit_aborts_or_rejects[early_commit]" time="0.001" /><testcase classname="tests.python.test_multirank_protocol" name="test_abort_metadata_is_not_publishable" time="0.001" /><testcase classname="tests.python.test_p6_vector_timeline" name="test_arithmetic_pmu_does_not_invent_hbm_zero" time="0.001" /><testcase classname="tests.python.test_p6_vector_timeline" name="test_hbm_average_is_read_from_device_export" time="0.001" /><testcase classname="tests.python.test_qwen_native_state" name="test_restart_preflight[none]" time="0.005" /><testcase classname="tests.python.test_qwen_native_state" name="test_restart_preflight[missing_rank]" time="0.003" /><testcase classname="tests.python.test_qwen_native_state" name="test_restart_preflight[duplicate_rank]" time="0.003" /><testcase classname="tests.python.test_qwen_native_state" name="test_restart_preflight[wrong_step]" time="0.003" /><testcase classname="tests.python.test_qwen_native_state" name="test_restart_preflight[wrong_topology]" time="0.003" /><testcase classname="tests.python.test_qwen_native_state" name="test_restart_preflight[corrupt_shard]" time="0.004" /><testcase classname="tests.python.test_qwen_native_state" name="test_restart_preflight[empty_artifacts]" time="0.003" /><testcase classname="tests.python.test_qwen_native_state" name="test_restart_preflight[live_source]" time="0.003" /><testcase classname="tests.python.test_qwen_native_state" name="test_missing_ready_rank_times_out" time="0.001" /><testcase classname="tests.python.test_qwen_native_state" name="test_invalid_ready_record_cannot_release_barrier" time="0.002" /><testcase classname="tests.python.test_qwen_native_state" name="test_state_comparison_requires_exact_names_and_bytes" time="0.001" /><testcase classname="tests.python.test_qwen_native_state" name="test_training_identity_checked_before_communication[none]" time="0.002" /><testcase classname="tests.python.test_qwen_native_state" name="test_training_identity_checked_before_communication[optimizer]" time="0.002" /><testcase classname="tests.python.test_qwen_native_state" name="test_training_identity_checked_before_communication[deterministic]" time="0.002" /><testcase classname="tests.python.test_qwen_native_state" name="test_training_identity_checked_before_communication[seed]" time="0.002" /><testcase classname="tests.python.test_qwen_native_state" name="test_training_identity_checked_before_communication[model]" time="0.002" /><testcase classname="tests.python.test_qwen_native_state" name="test_training_identity_checked_before_communication[sink]" time="0.002" /><testcase classname="tests.python.test_qwen_native_state" name="test_training_identity_checked_before_communication[horizon]" time="0.002" /><testcase classname="tests.python.test_qwen_native_state" name="test_real_worker_rejects_restart_before_framework_import[missing_rank]" time="0.108" /><testcase classname="tests.python.test_qwen_native_state" name="test_real_worker_rejects_restart_before_framework_import[duplicate_rank]" time="0.103" /><testcase classname="tests.python.test_qwen_native_state" name="test_real_worker_rejects_restart_before_framework_import[wrong_rank]" time="0.104" /><testcase classname="tests.python.test_qwen_native_state" name="test_real_worker_rejects_restart_before_framework_import[wrong_step]" time="0.104" /><testcase classname="tests.python.test_qwen_native_state" name="test_real_worker_rejects_restart_before_framework_import[wrong_topology]" time="0.104" /><testcase classname="tests.python.test_qwen_native_state" name="test_real_worker_rejects_restart_before_framework_import[corrupt_shard]" time="0.105" /><testcase classname="tests.python.test_qwen_training_entry" name="test_report_replace_is_complete" time="0.002" /><testcase classname="tests.python.test_qwen_training_entry" name="test_invalid_steps_rejected_before_loading_runtime" time="0.098" /><testcase classname="tests.python.test_qwen_training_entry" name="test_launcher_uses_candidate_module_and_joins_workers" time="0.041" /><testcase classname="tests.python.test_qwen_training_entry" name="test_training_uses_native_nonlegacy_context" time="0.001" /><testcase classname="tests.python.test_qwen_training_entry" name="test_checkpoint_audit_rejects_truncation_and_wrong_step" time="0.003" /><testcase classname="tests.python.test_r0_pipeline.R0PipelineTests" name="test_crc_combine" time="0.004" /><testcase classname="tests.python.test_r0_session.R0SessionTests" name="test_bad_ack_does_not_advance_reference" time="0.002" /><testcase classname="tests.python.test_r0_session.R0SessionTests" name="test_observe_ack_and_replay" time="0.002" /><testcase classname="tests.python.test_raw_ring.RawRingTests" name="test_ab_metadata_uses_latest_valid_copy" time="0.001" /><testcase classname="tests.python.test_raw_ring.RawRingTests" name="test_duplicate_and_reordered_step_are_hard_failures" time="0.001" /><testcase classname="tests.python.test_raw_ring.RawRingTests" name="test_recovery_selects_latest_full_contiguous_suffix" time="0.001" /><testcase classname="tests.python.test_raw_ring.RawRingTests" name="test_whole_frame_and_envelope_corruption_are_rejected" time="0.001" /><testcase classname="tests.python.test_repository_dependencies" name="test_explicit_local_imports_resolve" time="0.870" /><testcase classname="tests.python.test_repository_dependencies" name="test_cmake_sources_exist" time="0.001" /><testcase classname="tests.python.test_s2_delta.S2DeltaOracleTests" name="test_ack_is_the_only_reference_advance_and_stale_ack_is_rejected" time="0.002" /><testcase classname="tests.python.test_s2_delta.S2DeltaOracleTests" name="test_apply_replacements_does_not_mutate_input" time="0.001" /><testcase classname="tests.python.test_s2_delta.S2DeltaOracleTests" name="test_i4_atomic_file_ring_wrap_and_corruption_rejection" time="0.003" /><testcase classname="tests.python.test_s2_delta.S2DeltaOracleTests" name="test_i4_independent_process_reads_complete_slot" time="0.238" /><testcase classname="tests.python.test_s2_delta.S2DeltaOracleTests" name="test_lightweight_topk_advance_matches_materialized_frame" time="0.003" /><testcase classname="tests.python.test_s2_delta.S2DeltaOracleTests" name="test_manifest_and_generation_reject_reorder_or_cross_lineage" time="0.002" /><testcase classname="tests.python.test_s2_delta.S2DeltaOracleTests" name="test_negative_layer_id_is_preserved_for_large_special_parameter" time="0.001" /><testcase classname="tests.python.test_s2_delta.S2DeltaOracleTests" name="test_protocol_dispatch_and_crc" time="0.001" /><testcase classname="tests.python.test_s2_delta.S2DeltaOracleTests" name="test_vectorized_block_scores_match_parameter_local_reference" time="0.003" /><testcase classname="tests.python.test_s2_delta.S2DeltaOracleTests" name="test_z0_no_change_emits_empty_frame" time="0.001" /><testcase classname="tests.python.test_s2_delta.S2DeltaOracleTests" name="test_z1_single_block_and_z2_repeated_small_change" time="0.002" /><testcase classname="tests.python.test_s2_delta.S2DeltaOracleTests" name="test_z3_dense_and_z4_cold_hot_top_k_are_parameter_local" time="0.001" /><testcase classname="tests.python.test_s2_delta.S2DeltaOracleTests" name="test_z5_rotation_z6_burst_and_z7_cancellation" time="0.003" /><testcase classname="tests.python.test_s2_delta.S2DeltaOracleTests" name="test_z8_dynamic_range_z9_nonfinite_values_are_literal" time="0.001" /><testcase classname="tests.python.test_s2_policy.S2SelectivePolicyTests" name="test_ack_updates_only_persisted_decoded_blocks" time="0.001" /><testcase classname="tests.python.test_s2_policy.S2SelectivePolicyTests" name="test_error_budget_selects_minimum_energy_prefix" time="0.001" /><testcase classname="tests.python.test_s2_policy.S2SelectivePolicyTests" name="test_failed_frame_does_not_advance_reference_or_age" time="0.001" /><testcase classname="tests.python.test_s2_policy.S2SelectivePolicyTests" name="test_forced_small_state_is_always_raw" time="0.001" /><testcase classname="tests.python.test_s2_policy.S2SelectivePolicyTests" name="test_frozen_threshold_can_emit_no_blocks" time="0.001" /><testcase classname="tests.python.test_s2_policy.S2SelectivePolicyTests" name="test_int8_reference_is_decoded_value" time="0.001" /><testcase classname="tests.python.test_s2_policy.S2SelectivePolicyTests" name="test_max_age_forces_eventual_refresh" time="0.001" /><testcase classname="tests.python.test_safetensors_audit" name="test_hashes_cover_file_and_each_tensor" time="0.002" /><testcase classname="tests.python.test_safetensors_audit" name="test_bad_container_rejected_before_payload_read[size]" time="0.001" /><testcase classname="tests.python.test_safetensors_audit" name="test_bad_container_rejected_before_payload_read[negative]" time="0.001" /><testcase classname="tests.python.test_safetensors_audit" name="test_bad_container_rejected_before_payload_read[bool]" time="0.001" /><testcase classname="tests.python.test_safetensors_audit" name="test_bad_container_rejected_before_payload_read[overlap]" time="0.001" /><testcase classname="tests.python.test_safetensors_audit" name="test_bad_container_rejected_before_payload_read[hole]" time="0.001" /><testcase classname="tests.python.test_safetensors_audit" name="test_bad_container_rejected_before_payload_read[trailing]" time="0.001" /><testcase classname="tests.python.test_safetensors_audit" name="test_bad_container_rejected_before_payload_read[dtype]" time="0.002" /><testcase classname="tests.python.test_safetensors_audit" name="test_bad_container_rejected_before_payload_read[truncated]" time="0.001" /><testcase classname="tests.python.test_safetensors_audit" name="test_duplicate_tensor_name_rejected" time="0.001" /><testcase classname="tests.python.test_single_card_full_cli.SingleCardFullCliTests" name="test_dry_run_does_not_import_mindspore" time="0.243" /><testcase classname="tests.python.test_single_card_full_cli.SingleCardFullCliTests" name="test_new_async_modes_are_valid_cli_values" time="0.483" /><testcase classname="tests.python.test_single_card_full_cli.SingleCardFullCliTests" name="test_retained_restore_is_explicit_in_config" time="0.242" /><testcase classname="tests.python.test_single_card_full_cli.SingleCardFullCliTests" name="test_unsorted_checkpoint_steps_are_rejected" time="0.242" /><testcase classname="tests.python.test_single_card_full_oracle" name="test_continuation_oracle_prefers_source_process_trajectory" time="0.001" /><testcase classname="tests.python.test_single_card_full_oracle" name="test_continuation_oracle_supports_pre_change_results" time="0.000" /><testcase classname="tests.python.test_single_card_full_oracle" name="test_request_timing_uses_persisted_event_not_wait_time" time="0.000" /><testcase classname="tests.python.test_single_card_full_oracle" name="test_request_timing_rejects_missing_or_reversed_events" time="0.001" /><testcase classname="tests.python.test_training_state.TrainingStateCodecTests" name="test_capture_and_restore_complete_controls" time="0.002" /><testcase classname="tests.python.test_training_state.TrainingStateCodecTests" name="test_checksum_failure_is_rejected" time="0.001" /><testcase classname="tests.python.test_training_state.TrainingStateCodecTests" name="test_namespace_validation" time="0.001" /><testcase classname="tests.python.test_training_state.TrainingStateCodecTests" name="test_restore_rejects_missing_control" time="0.001" /><testcase classname="tests.python.test_training_state.TrainingStateCodecTests" name="test_rng_and_cursor_roundtrip" time="0.004" /><testcase classname="tests.python.test_wp1_tools.Wp1TimelineTests" name="test_monotonic_events_pass" time="0.001" /><testcase classname="tests.python.test_wp1_tools.Wp1TimelineTests" name="test_negative_duration_fails" time="0.001" /><testcase classname="tests.python.test_wp1_tools.Wp1TimelineTests" name="test_non_monotonic_events_fail" time="0.001" /></testsuite></testsuites>