<?xml version="1.0" encoding="utf-8"?><testsuites name="pytest tests"><testsuite name="pytest" errors="0" failures="0" skipped="0" tests="5" time="0.222" timestamp="2026-09-14T00:05:54.381905+08:00" hostname="train06"><testcase classname="tests.gates.test_legacy_restore_ownership" name="test_legacy_restore_uses_target_and_transport_interfaces[none]" time="0.088" /><testcase classname="tests.gates.test_legacy_restore_ownership" name="test_legacy_restore_uses_target_and_transport_interfaces[shape]" time="0.001" /><testcase classname="tests.gates.test_legacy_restore_ownership" name="test_legacy_restore_uses_target_and_transport_interfaces[missing]" time="0.001" /><testcase classname="tests.gates.test_legacy_restore_ownership" name="test_legacy_restore_uses_target_and_transport_interfaces[read]" time="0.001" /><testcase classname="tests.gates.test_legacy_restore_ownership" name="test_legacy_restore_uses_target_and_transport_interfaces[checksum]" time="0.001" /></testsuite></testsuites>