<?xml version="1.0" encoding="utf-8"?><testsuites name="pytest tests"><testsuite name="pytest" errors="0" failures="0" skipped="0" tests="19" time="0.088" timestamp="2026-09-14T13:50:53.077140+08:00" hostname="train06"><testcase classname="tests.acceptance.test_d1_join" name="test_missing_hardware_cannot_pass" time="0.003" /><testcase classname="tests.acceptance.test_d1_join" name="test_software_pass_alone_cannot_pass" time="0.002" /><testcase classname="tests.acceptance.test_retirement" name="test_only_strict_default_and_alias" time="0.001" /><testcase classname="tests.acceptance.test_retirement" name="test_legacy_options_reject_before_framework_or_device[kwargs0]" time="0.001" /><testcase classname="tests.acceptance.test_retirement" name="test_legacy_options_reject_before_framework_or_device[kwargs1]" time="0.001" /><testcase classname="tests.acceptance.test_retirement" name="test_legacy_options_reject_before_framework_or_device[kwargs2]" time="0.001" /><testcase classname="tests.acceptance.test_retirement" name="test_legacy_options_reject_before_framework_or_device[kwargs3]" time="0.001" /><testcase classname="tests.acceptance.test_retirement" name="test_legacy_options_reject_before_framework_or_device[kwargs4]" time="0.001" /><testcase classname="tests.acceptance.test_retirement" name="test_old_methods_cannot_dispatch[save]" time="0.001" /><testcase classname="tests.acceptance.test_retirement" name="test_old_methods_cannot_dispatch[load]" time="0.001" /><testcase classname="tests.acceptance.test_retirement" name="test_old_methods_cannot_dispatch[load_state]" time="0.001" /><testcase classname="tests.acceptance.test_retirement" name="test_old_methods_cannot_dispatch[recover]" time="0.001" /><testcase classname="tests.acceptance.test_retirement" name="test_old_methods_cannot_dispatch[delta_save]" time="0.001" /><testcase classname="tests.acceptance.test_retirement" name="test_old_methods_cannot_dispatch[_persist_metadata]" time="0.001" /><testcase classname="tests.acceptance.test_retirement" name="test_old_methods_cannot_dispatch[register_tasks]" time="0.001" /><testcase classname="tests.acceptance.test_retirement" name="test_old_methods_cannot_dispatch[write_host_frame]" time="0.001" /><testcase classname="tests.acceptance.test_retirement" name="test_old_envelope_is_rejected_with_valid_crc" time="0.001" /><testcase classname="tests.acceptance.test_retirement" name="test_catalog_property_is_detached" time="0.001" /><testcase classname="tests.acceptance.test_retirement" name="test_no_executable_legacy_implementations" time="0.001" /></testsuite></testsuites>