<?xml version="1.0" encoding="utf-8"?><testsuites name="pytest tests"><testsuite name="pytest" errors="0" failures="0" skipped="0" tests="17" time="0.928" timestamp="2026-09-14T20:27:12.150362+08:00" hostname="train06"><testcase classname="tests.regression.test_h02_orchestration" name="test_process_results[p.write_text(json.dumps({'status':'pass','cleanup_safe':True}))-True]" time="0.071" /><testcase classname="tests.regression.test_h02_orchestration" name="test_process_results[p.write_text(json.dumps({'status':'fail','cleanup_safe':True}))-False]" time="0.071" /><testcase classname="tests.regression.test_h02_orchestration" name="test_process_results[p.write_text(json.dumps({'status':'pass','cleanup_safe':False}))-False]" time="0.070" /><testcase classname="tests.regression.test_h02_orchestration" name="test_process_results[p.write_text(json.dumps({'status':'pass','cleanup_safe':True})); os._exit(7)-False]" time="0.038" /><testcase classname="tests.regression.test_h02_orchestration" name="test_process_results[os._exit(3)-False]" time="0.038" /><testcase classname="tests.regression.test_h02_orchestration" name="test_process_results[pass-False]" time="0.070" /><testcase classname="tests.regression.test_h02_orchestration" name="test_process_results[p.write_text('broken json')-False]" time="0.070" /><testcase classname="tests.regression.test_h02_orchestration" name="test_timeout_even_with_premature_pass_file" time="0.157" /><testcase classname="tests.regression.test_h02_orchestration" name="test_expected_crash_requires_marker" time="0.037" /><testcase classname="tests.regression.test_h02_orchestration" name="test_expected_crash_is_separate_from_cleanup_proof" time="0.037" /><testcase classname="tests.regression.test_h02_orchestration" name="test_cleanup_failure_stops_reopen" time="0.001" /><testcase classname="tests.regression.test_h02_orchestration" name="test_verification_failure_propagates" time="0.001" /><testcase classname="tests.regression.test_h02_orchestration" name="test_crash_changed_metadata_fails" time="0.001" /><testcase classname="tests.regression.test_h02_orchestration" name="test_old_output_is_not_overwritten" time="0.001" /><testcase classname="tests.regression.test_h02_orchestration" name="test_parent_import_does_not_load_device_libraries" time="0.091" /><testcase classname="tests.regression.test_h02_orchestration" name="test_protected_device_rejected_before_output_creation" time="0.092" /><testcase classname="tests.regression.test_h02_orchestration" name="test_failed_close_keeps_all_caller_buffers" time="0.001" /></testsuite></testsuites>