<?xml version="1.0" encoding="utf-8"?><testsuites name="pytest tests"><testsuite name="pytest" errors="0" failures="0" skipped="0" tests="17" time="7.901" timestamp="2026-09-14T00:04:00.759773+08:00" hostname="train06"><testcase classname="tests.regression.test_gate_evidence" name="test_real_exit_aggregation[def test_case(): assert True\n-test_case-10-CPU-0-status0]" time="0.445" /><testcase classname="tests.regression.test_gate_evidence" name="test_real_exit_aggregation[def test_case(): assert False\n-test_case-10-CPU-1-status1]" time="0.464" /><testcase classname="tests.regression.test_gate_evidence" name="test_real_exit_aggregation[import pytest\ndef test_case(): pytest.skip(&quot;dependency&quot;)\n-test_case-10-CPU-3-status2]" time="0.446" /><testcase classname="tests.regression.test_gate_evidence" name="test_real_exit_aggregation[def test_case(): pass\n-missing-10-CPU-3-status3]" time="0.433" /><testcase classname="tests.regression.test_gate_evidence" name="test_real_exit_aggregation[import time\ndef test_case(): time.sleep(30)\n-test_case-1-CPU-4-status4]" time="1.116" /><testcase classname="tests.regression.test_gate_evidence" name="test_real_exit_aggregation[def test_case(): pass\n-test_case-10-HW1-3-status5]" time="0.107" /><testcase classname="tests.regression.test_gate_evidence" name="test_empty_profile_rejected" time="0.001" /><testcase classname="tests.regression.test_gate_evidence" name="test_invalid_artifacts_cannot_pass[tamper]" time="0.499" /><testcase classname="tests.regression.test_gate_evidence" name="test_invalid_artifacts_cannot_pass[missing]" time="0.501" /><testcase classname="tests.regression.test_gate_evidence" name="test_invalid_artifacts_cannot_pass[escape]" time="0.498" /><testcase classname="tests.regression.test_gate_evidence" name="test_invalid_artifacts_cannot_pass[bool]" time="0.504" /><testcase classname="tests.regression.test_gate_evidence" name="test_invalid_artifacts_cannot_pass[zero]" time="0.503" /><testcase classname="tests.regression.test_gate_evidence" name="test_invalid_artifacts_cannot_pass[tier]" time="0.504" /><testcase classname="tests.regression.test_gate_evidence" name="test_invalid_artifacts_cannot_pass[xml]" time="0.504" /><testcase classname="tests.regression.test_gate_evidence" name="test_invalid_performance_metric_cannot_pass[zero_samples]" time="0.442" /><testcase classname="tests.regression.test_gate_evidence" name="test_invalid_performance_metric_cannot_pass[missing_samples]" time="0.440" /><testcase classname="tests.regression.test_gate_evidence" name="test_invalid_performance_metric_cannot_pass[missing_method]" time="0.441" /></testsuite></testsuites>