<?xml version="1.0" encoding="utf-8"?><testsuites name="pytest tests"><testsuite name="pytest" errors="0" failures="0" skipped="0" tests="17" time="91.828" timestamp="2026-09-11T21:04:51.354492+08:00" hostname="train06"><testcase classname="tests.regression.test_c_host_safety" name="test_input_bounds[delta_overflow]" time="8.742" /><testcase classname="tests.regression.test_c_host_safety" name="test_input_bounds[batch_bound]" time="5.183" /><testcase classname="tests.regression.test_c_host_safety" name="test_input_bounds[batch_bytes]" time="5.186" /><testcase classname="tests.regression.test_c_host_safety" name="test_input_bounds[geometry_overflow]" time="5.185" /><testcase classname="tests.regression.test_c_host_safety" name="test_input_bounds[metadata_capacity]" time="5.184" /><testcase classname="tests.regression.test_c_host_safety" name="test_input_bounds[legal_bounds]" time="5.184" /><testcase classname="tests.regression.test_c_host_safety" name="test_input_bounds[queued_close]" time="5.187" /><testcase classname="tests.regression.test_c_host_safety" name="test_input_bounds[early_release]" time="5.188" /><testcase classname="tests.regression.test_c_host_safety" name="test_input_bounds[late_completion]" time="5.190" /><testcase classname="tests.regression.test_c_host_safety" name="test_input_bounds[write_completion]" time="5.196" /><testcase classname="tests.regression.test_c_host_safety" name="test_input_bounds[query_quarantine]" time="5.192" /><testcase classname="tests.regression.test_c_host_safety" name="test_input_bounds[dma_stopped]" time="5.189" /><testcase classname="tests.regression.test_c_host_safety" name="test_input_bounds[copy_rejected]" time="5.189" /><testcase classname="tests.regression.test_c_host_safety" name="test_input_bounds[close_deadline]" time="5.188" /><testcase classname="tests.regression.test_c_host_safety" name="test_input_bounds[metadata_timeout]" time="5.205" /><testcase classname="tests.regression.test_c_host_safety" name="test_input_bounds[lost_completion]" time="5.192" /><testcase classname="tests.regression.test_c_host_safety" name="test_dma_quarantine" time="5.193" /></testsuite></testsuites>