<?xml version="1.0" encoding="utf-8"?><testsuites name="pytest tests"><testsuite name="pytest" errors="0" failures="0" skipped="0" tests="9" time="0.181" timestamp="2026-09-14T15:48:23.201144+08:00" hostname="train06"><testcase classname="tests.cleanup.test_interfaces" name="test_wrong_abi_rejects_before_acl[0]" time="0.001" /><testcase classname="tests.cleanup.test_interfaces" name="test_wrong_abi_rejects_before_acl[1]" time="0.001" /><testcase classname="tests.cleanup.test_interfaces" name="test_wrong_abi_rejects_before_acl[3]" time="0.001" /><testcase classname="tests.cleanup.test_interfaces" name="test_missing_required_symbol_rejects_before_acl" time="0.001" /><testcase classname="tests.cleanup.test_interfaces" name="test_one_adapter_per_method" time="0.001" /><testcase classname="tests.cleanup.test_interfaces" name="test_continue_on_failure_still_returns_failure" time="0.009" /><testcase classname="tests.cleanup.test_interfaces" name="test_restore_process_failure_cannot_be_reported_as_success[1-pass]" time="0.003" /><testcase classname="tests.cleanup.test_interfaces" name="test_restore_process_failure_cannot_be_reported_as_success[0-restore_failed]" time="0.003" /><testcase classname="tests.cleanup.test_interfaces" name="test_inspection_validates_catalog_without_writes" time="0.001" /></testsuite></testsuites>