<?xml version="1.0" encoding="utf-8"?><testsuites name="pytest tests"><testsuite name="pytest" errors="0" failures="0" skipped="0" tests="6" time="0.307" timestamp="2026-09-14T13:27:35.804757+08:00" hostname="train06"><testcase classname="tests.gates.test_module_boundaries" name="test_core_imports_without_framework_or_native_library" time="0.115" /><testcase classname="tests.gates.test_module_boundaries" name="test_legacy_types_have_one_identity" time="0.033" /><testcase classname="tests.gates.test_module_boundaries" name="test_v2_bytes_unchanged_from_A_entry" time="0.006" /><testcase classname="tests.gates.test_module_boundaries" name="test_new_binding_import_does_not_open_a_library" time="0.038" /><testcase classname="tests.gates.test_module_boundaries" name="test_checkpoint_alias_and_handle_identity" time="0.030" /><testcase classname="tests.gates.test_module_boundaries" name="test_runtime_has_no_framework_import_or_facade_proxy" time="0.038" /></testsuite></testsuites>