<?xml version="1.0" encoding="utf-8"?><testsuites name="pytest tests"><testsuite name="pytest" errors="0" failures="0" skipped="0" tests="3" time="0.234" timestamp="2026-09-14T15:48:22.102438+08:00" hostname="train06"><testcase classname="tests.gates.test_runtime_ownership" name="test_framework_capture_freezes_host_values_without_a_facade" time="0.092" /><testcase classname="tests.gates.test_runtime_ownership" name="test_d1_reservation_is_single_owner_and_unknown_is_explicit" time="0.001" /><testcase classname="tests.gates.test_runtime_ownership" name="test_current_drain_does_not_wait_for_later_handles" time="0.001" /></testsuite></testsuites>