<?xml version="1.0" encoding="utf-8"?><testsuites name="pytest tests"><testsuite name="pytest" errors="0" failures="0" skipped="0" tests="5" time="0.175" timestamp="2026-09-11T21:58:13.886188+08:00" hostname="train06"><testcase classname="tests.gates.test_native_restart_evidence" name="test_recorded_runs_have_exited_distinct_processes_and_exact_source_identity" time="0.048" /><testcase classname="tests.gates.test_native_restart_evidence" name="test_recorded_rank_exact_state_controls_and_three_step_oracle[0]" time="0.015" /><testcase classname="tests.gates.test_native_restart_evidence" name="test_recorded_rank_exact_state_controls_and_three_step_oracle[1]" time="0.015" /><testcase classname="tests.gates.test_native_restart_evidence" name="test_recorded_rank_exact_state_controls_and_three_step_oracle[2]" time="0.024" /><testcase classname="tests.gates.test_native_restart_evidence" name="test_recorded_rank_exact_state_controls_and_three_step_oracle[3]" time="0.015" /></testsuite></testsuites>