<?xml version="1.0" encoding="utf-8"?><testsuites name="pytest tests"><testsuite name="pytest" errors="0" failures="0" skipped="0" tests="24" time="0.494" timestamp="2026-09-11T21:58:14.382819+08:00" hostname="train06"><testcase classname="tests.python.test_qwen_native_state" name="test_restart_preflight[none]" time="0.007" /><testcase classname="tests.python.test_qwen_native_state" name="test_restart_preflight[missing_rank]" time="0.003" /><testcase classname="tests.python.test_qwen_native_state" name="test_restart_preflight[duplicate_rank]" time="0.003" /><testcase classname="tests.python.test_qwen_native_state" name="test_restart_preflight[wrong_step]" time="0.003" /><testcase classname="tests.python.test_qwen_native_state" name="test_restart_preflight[wrong_topology]" time="0.003" /><testcase classname="tests.python.test_qwen_native_state" name="test_restart_preflight[corrupt_shard]" time="0.004" /><testcase classname="tests.python.test_qwen_native_state" name="test_restart_preflight[empty_artifacts]" time="0.003" /><testcase classname="tests.python.test_qwen_native_state" name="test_restart_preflight[live_source]" time="0.003" /><testcase classname="tests.python.test_qwen_native_state" name="test_missing_ready_rank_times_out" time="0.001" /><testcase classname="tests.python.test_qwen_native_state" name="test_invalid_ready_record_cannot_release_barrier" time="0.002" /><testcase classname="tests.python.test_qwen_native_state" name="test_state_comparison_requires_exact_names_and_bytes" time="0.001" /><testcase classname="tests.python.test_qwen_native_state" name="test_training_identity_checked_before_communication[none]" time="0.002" /><testcase classname="tests.python.test_qwen_native_state" name="test_training_identity_checked_before_communication[optimizer]" time="0.002" /><testcase classname="tests.python.test_qwen_native_state" name="test_training_identity_checked_before_communication[deterministic]" time="0.002" /><testcase classname="tests.python.test_qwen_native_state" name="test_training_identity_checked_before_communication[seed]" time="0.002" /><testcase classname="tests.python.test_qwen_native_state" name="test_training_identity_checked_before_communication[model]" time="0.002" /><testcase classname="tests.python.test_qwen_native_state" name="test_training_identity_checked_before_communication[sink]" time="0.002" /><testcase classname="tests.python.test_qwen_native_state" name="test_training_identity_checked_before_communication[horizon]" time="0.002" /><testcase classname="tests.python.test_qwen_native_state" name="test_real_worker_rejects_restart_before_framework_import[missing_rank]" time="0.066" /><testcase classname="tests.python.test_qwen_native_state" name="test_real_worker_rejects_restart_before_framework_import[duplicate_rank]" time="0.065" /><testcase classname="tests.python.test_qwen_native_state" name="test_real_worker_rejects_restart_before_framework_import[wrong_rank]" time="0.065" /><testcase classname="tests.python.test_qwen_native_state" name="test_real_worker_rejects_restart_before_framework_import[wrong_step]" time="0.064" /><testcase classname="tests.python.test_qwen_native_state" name="test_real_worker_rejects_restart_before_framework_import[wrong_topology]" time="0.064" /><testcase classname="tests.python.test_qwen_native_state" name="test_real_worker_rejects_restart_before_framework_import[corrupt_shard]" time="0.066" /></testsuite></testsuites>