<?xml version="1.0" encoding="utf-8"?><testsuites name="pytest tests"><testsuite name="pytest" errors="0" failures="0" skipped="0" tests="12" time="5.261" timestamp="2026-09-14T20:23:23.205053+08:00" hostname="train06"><testcase classname="tests.python.test_baseline_repro" name="test_raw_snapshot_roundtrip_and_digest" time="0.004" /><testcase classname="tests.python.test_baseline_repro" name="test_shared_snapshot_descriptor_roundtrip" time="0.018" /><testcase classname="tests.python.test_baseline_repro" name="test_chunked_raw_snapshot_roundtrip" time="0.003" /><testcase classname="tests.python.test_baseline_repro" name="test_shared_snapshot_view_roundtrip_without_copy" time="0.001" /><testcase classname="tests.python.test_baseline_repro" name="test_handle_requires_durable_terminal_state" time="0.002" /><testcase classname="tests.python.test_baseline_repro" name="test_handle_records_full_state_machine_timestamps" time="0.002" /><testcase classname="tests.python.test_baseline_repro" name="test_formal_semantic_port_gate_requires_restore_and_terminal_generations" time="0.001" /><testcase classname="tests.python.test_baseline_repro" name="test_adapter_evidence_discloses_port_substitutions" time="0.001" /><testcase classname="tests.python.test_baseline_repro" name="test_native_mindspore_save_adapter_is_distinct_from_raw_reference" time="0.001" /><testcase classname="tests.python.test_baseline_repro" name="test_inventory_records_missing_run_without_guessing" time="0.146" /><testcase classname="tests.python.test_baseline_repro" name="test_ours_handle_normalizes_native_persisted_event" time="0.001" /><testcase classname="tests.python.test_baseline_repro" name="test_ours_restore_requires_fresh_factory_and_never_disables_integrity" time="0.001" /></testsuite></testsuites>