<?xml version="1.0" encoding="utf-8"?><testsuites name="pytest tests"><testsuite name="pytest" errors="0" failures="0" skipped="0" tests="3" time="5.097" timestamp="2026-09-14T00:05:46.896547+08:00" hostname="train06"><testcase classname="tests.gates.test_runtime_ownership" name="test_drain_watermark_does_not_wait_for_later_admission" time="0.001" /><testcase classname="tests.gates.test_runtime_ownership" name="test_framework_capture_freezes_host_values_without_a_facade" time="0.089" /><testcase classname="tests.gates.test_runtime_ownership" name="test_training_cell_alias_has_canonical_identity" time="4.877" /></testsuite></testsuites>