<?xml version="1.0" encoding="utf-8"?><testsuites name="pytest tests"><testsuite name="pytest" errors="0" failures="0" skipped="0" tests="35" time="98.070" timestamp="2026-09-13T17:16:43.838482+08:00" hostname="train06"><testcase classname="tests.regression.test_h02_orchestration" name="test_process_results[p.write_text(json.dumps({'status':'pass','cleanup_safe':True}))-True]" time="0.071" /><testcase classname="tests.regression.test_h02_orchestration" name="test_process_results[p.write_text(json.dumps({'status':'fail','cleanup_safe':True}))-False]" time="0.070" /><testcase classname="tests.regression.test_h02_orchestration" name="test_process_results[p.write_text(json.dumps({'status':'pass','cleanup_safe':False}))-False]" time="0.070" /><testcase classname="tests.regression.test_h02_orchestration" name="test_process_results[p.write_text(json.dumps({'status':'pass','cleanup_safe':True})); os._exit(7)-False]" time="0.070" /><testcase classname="tests.regression.test_h02_orchestration" name="test_process_results[os._exit(3)-False]" time="0.070" /><testcase classname="tests.regression.test_h02_orchestration" name="test_process_results[pass-False]" time="0.070" /><testcase classname="tests.regression.test_h02_orchestration" name="test_process_results[p.write_text('broken json')-False]" time="0.070" /><testcase classname="tests.regression.test_h02_orchestration" name="test_timeout_even_with_premature_pass_file" time="0.157" /><testcase classname="tests.regression.test_h02_orchestration" name="test_expected_crash_requires_marker" time="0.069" /><testcase classname="tests.regression.test_h02_orchestration" name="test_expected_crash_is_separate_from_cleanup_proof" time="0.070" /><testcase classname="tests.regression.test_h02_orchestration" name="test_cleanup_failure_stops_reopen" time="0.001" /><testcase classname="tests.regression.test_h02_orchestration" name="test_verification_failure_propagates" time="0.001" /><testcase classname="tests.regression.test_h02_orchestration" name="test_crash_changed_metadata_fails" time="0.001" /><testcase classname="tests.regression.test_h02_orchestration" name="test_old_output_is_not_overwritten" time="0.001" /><testcase classname="tests.regression.test_h02_orchestration" name="test_parent_import_does_not_load_device_libraries" time="0.100" /><testcase classname="tests.regression.test_h02_orchestration" name="test_protected_device_rejected_before_output_creation" time="0.099" /><testcase classname="tests.regression.test_h02_orchestration" name="test_failed_close_keeps_all_caller_buffers" time="0.001" /><testcase classname="tests.regression.test_c_host_safety" name="test_input_bounds[delta_overflow]" time="8.762" /><testcase classname="tests.regression.test_c_host_safety" name="test_input_bounds[batch_bound]" time="5.186" /><testcase classname="tests.regression.test_c_host_safety" name="test_input_bounds[batch_bytes]" time="5.186" /><testcase classname="tests.regression.test_c_host_safety" name="test_input_bounds[geometry_overflow]" time="5.186" /><testcase classname="tests.regression.test_c_host_safety" name="test_input_bounds[metadata_capacity]" time="5.186" /><testcase classname="tests.regression.test_c_host_safety" name="test_input_bounds[legal_bounds]" time="5.185" /><testcase classname="tests.regression.test_c_host_safety" name="test_input_bounds[queued_close]" time="5.187" /><testcase classname="tests.regression.test_c_host_safety" name="test_input_bounds[early_release]" time="5.188" /><testcase classname="tests.regression.test_c_host_safety" name="test_input_bounds[late_completion]" time="5.189" /><testcase classname="tests.regression.test_c_host_safety" name="test_input_bounds[write_completion]" time="5.192" /><testcase classname="tests.regression.test_c_host_safety" name="test_input_bounds[query_quarantine]" time="5.193" /><testcase classname="tests.regression.test_c_host_safety" name="test_input_bounds[dma_stopped]" time="5.190" /><testcase classname="tests.regression.test_c_host_safety" name="test_input_bounds[copy_rejected]" time="5.190" /><testcase classname="tests.regression.test_c_host_safety" name="test_input_bounds[close_deadline]" time="5.188" /><testcase classname="tests.regression.test_c_host_safety" name="test_input_bounds[close_retry]" time="5.191" /><testcase classname="tests.regression.test_c_host_safety" name="test_input_bounds[metadata_timeout]" time="5.206" /><testcase classname="tests.regression.test_c_host_safety" name="test_input_bounds[lost_completion]" time="5.193" /><testcase classname="tests.regression.test_c_host_safety" name="test_dma_quarantine" time="5.190" /></testsuite></testsuites>