<?xml version="1.0" encoding="utf-8"?><testsuites name="pytest tests"><testsuite name="pytest" errors="0" failures="0" skipped="0" tests="10" time="0.059" timestamp="2026-09-11T21:58:15.214349+08:00" hostname="train06"><testcase classname="tests.python.test_safetensors_audit" name="test_hashes_cover_file_and_each_tensor" time="0.003" /><testcase classname="tests.python.test_safetensors_audit" name="test_bad_container_rejected_before_payload_read[size]" time="0.001" /><testcase classname="tests.python.test_safetensors_audit" name="test_bad_container_rejected_before_payload_read[negative]" time="0.001" /><testcase classname="tests.python.test_safetensors_audit" name="test_bad_container_rejected_before_payload_read[bool]" time="0.001" /><testcase classname="tests.python.test_safetensors_audit" name="test_bad_container_rejected_before_payload_read[overlap]" time="0.001" /><testcase classname="tests.python.test_safetensors_audit" name="test_bad_container_rejected_before_payload_read[hole]" time="0.001" /><testcase classname="tests.python.test_safetensors_audit" name="test_bad_container_rejected_before_payload_read[trailing]" time="0.001" /><testcase classname="tests.python.test_safetensors_audit" name="test_bad_container_rejected_before_payload_read[dtype]" time="0.001" /><testcase classname="tests.python.test_safetensors_audit" name="test_bad_container_rejected_before_payload_read[truncated]" time="0.001" /><testcase classname="tests.python.test_safetensors_audit" name="test_duplicate_tensor_name_rejected" time="0.001" /></testsuite></testsuites>