<?xml version="1.0" encoding="utf-8"?><testsuites name="pytest tests"><testsuite name="pytest" errors="0" failures="0" skipped="0" tests="5" time="0.144" timestamp="2026-09-14T19:46:40.498720+08:00" hostname="train06"><testcase classname="tests.python.test_training_state.TrainingStateCodecTests" name="test_capture_and_restore_complete_controls" time="0.002" /><testcase classname="tests.python.test_training_state.TrainingStateCodecTests" name="test_checksum_failure_is_rejected" time="0.001" /><testcase classname="tests.python.test_training_state.TrainingStateCodecTests" name="test_namespace_validation" time="0.001" /><testcase classname="tests.python.test_training_state.TrainingStateCodecTests" name="test_restore_rejects_missing_control" time="0.001" /><testcase classname="tests.python.test_training_state.TrainingStateCodecTests" name="test_rng_and_cursor_roundtrip" time="0.004" /></testsuite></testsuites>