<?xml version="1.0" encoding="utf-8"?><testsuites name="pytest tests"><testsuite name="pytest" errors="0" failures="0" skipped="0" tests="11" time="5.002" timestamp="2026-09-11T20:42:27.477034+08:00" hostname="train06"><testcase classname="tests.regression.test_full_safety" name="test_wait_timeout_preserves_request_and_allows_late_completion" time="0.001" /><testcase classname="tests.regression.test_full_safety" name="test_cancelled_wait_is_not_timeout" time="0.001" /><testcase classname="tests.regression.test_full_safety" name="test_result_requires_explicit_status_and_boolean_proofs[changes0]" time="0.001" /><testcase classname="tests.regression.test_full_safety" name="test_result_requires_explicit_status_and_boolean_proofs[changes1]" time="0.001" /><testcase classname="tests.regression.test_full_safety" name="test_result_requires_explicit_status_and_boolean_proofs[changes2]" time="0.001" /><testcase classname="tests.regression.test_full_safety" name="test_chunk_input_rejected_before_ctypes[size--1]" time="0.001" /><testcase classname="tests.regression.test_full_safety" name="test_chunk_input_rejected_before_ctypes[offset--4096]" time="0.001" /><testcase classname="tests.regression.test_full_safety" name="test_chunk_input_rejected_before_ctypes[offset-1]" time="0.001" /><testcase classname="tests.regression.test_full_safety" name="test_chunk_input_rejected_before_ctypes[ptr--1]" time="0.001" /><testcase classname="tests.regression.test_full_safety" name="test_zero_chunk_rejected_before_loop" time="0.001" /><testcase classname="tests.regression.test_full_safety" name="test_restore_size_mismatch_rejected_before_allocation" time="0.001" /></testsuite></testsuites>