<?xml version="1.0" encoding="utf-8"?><testsuites name="pytest tests"><testsuite name="pytest" errors="0" failures="0" skipped="0" tests="17" time="8.594" timestamp="2026-09-14T15:48:09.013269+08:00" hostname="train06"><testcase classname="tests.regression.test_gate_evidence" name="test_real_exit_aggregation[def test_case(): assert True\n-test_case-10-CPU-0-status0]" time="0.469" /><testcase classname="tests.regression.test_gate_evidence" name="test_real_exit_aggregation[def test_case(): assert False\n-test_case-10-CPU-1-status1]" time="0.493" /><testcase classname="tests.regression.test_gate_evidence" name="test_real_exit_aggregation[import pytest\ndef test_case(): pytest.skip(&quot;dependency&quot;)\n-test_case-10-CPU-3-status2]" time="0.466" /><testcase classname="tests.regression.test_gate_evidence" name="test_real_exit_aggregation[def test_case(): pass\n-missing-10-CPU-3-status3]" time="0.457" /><testcase classname="tests.regression.test_gate_evidence" name="test_real_exit_aggregation[import time\ndef test_case(): time.sleep(30)\n-test_case-1-CPU-4-status4]" time="1.147" /><testcase classname="tests.regression.test_gate_evidence" name="test_real_exit_aggregation[def test_case(): pass\n-test_case-10-HW1-3-status5]" time="0.141" /><testcase classname="tests.regression.test_gate_evidence" name="test_empty_profile_rejected" time="0.001" /><testcase classname="tests.regression.test_gate_evidence" name="test_invalid_artifacts_cannot_pass[tamper]" time="0.558" /><testcase classname="tests.regression.test_gate_evidence" name="test_invalid_artifacts_cannot_pass[missing]" time="0.558" /><testcase classname="tests.regression.test_gate_evidence" name="test_invalid_artifacts_cannot_pass[escape]" time="0.572" /><testcase classname="tests.regression.test_gate_evidence" name="test_invalid_artifacts_cannot_pass[bool]" time="0.562" /><testcase classname="tests.regression.test_gate_evidence" name="test_invalid_artifacts_cannot_pass[zero]" time="0.563" /><testcase classname="tests.regression.test_gate_evidence" name="test_invalid_artifacts_cannot_pass[tier]" time="0.562" /><testcase classname="tests.regression.test_gate_evidence" name="test_invalid_artifacts_cannot_pass[xml]" time="0.565" /><testcase classname="tests.regression.test_gate_evidence" name="test_invalid_performance_metric_cannot_pass[zero_samples]" time="0.468" /><testcase classname="tests.regression.test_gate_evidence" name="test_invalid_performance_metric_cannot_pass[missing_samples]" time="0.474" /><testcase classname="tests.regression.test_gate_evidence" name="test_invalid_performance_metric_cannot_pass[missing_method]" time="0.466" /></testsuite></testsuites>