<?xml version="1.0" encoding="utf-8"?><testsuites name="pytest tests"><testsuite name="pytest" errors="0" failures="0" skipped="0" tests="80" time="1.994" timestamp="2026-09-14T15:48:19.632602+08:00" hostname="train06"><testcase classname="tests.python.test_baseline_repro" name="test_raw_snapshot_roundtrip_and_digest" time="0.004" /><testcase classname="tests.python.test_baseline_repro" name="test_shared_snapshot_descriptor_roundtrip" time="0.007" /><testcase classname="tests.python.test_baseline_repro" name="test_chunked_raw_snapshot_roundtrip" time="0.002" /><testcase classname="tests.python.test_baseline_repro" name="test_shared_snapshot_view_roundtrip_without_copy" time="0.001" /><testcase classname="tests.python.test_baseline_repro" name="test_handle_requires_durable_terminal_state" time="0.002" /><testcase classname="tests.python.test_baseline_repro" name="test_handle_records_full_state_machine_timestamps" time="0.002" /><testcase classname="tests.python.test_baseline_repro" name="test_formal_semantic_port_gate_requires_restore_and_terminal_generations" time="0.001" /><testcase classname="tests.python.test_baseline_repro" name="test_adapter_evidence_discloses_port_substitutions" time="0.001" /><testcase classname="tests.python.test_baseline_repro" name="test_native_mindspore_save_adapter_is_distinct_from_raw_reference" time="0.001" /><testcase classname="tests.python.test_baseline_repro" name="test_inventory_records_missing_run_without_guessing" time="0.040" /><testcase classname="tests.python.test_baseline_repro" name="test_ours_handle_normalizes_native_persisted_event" time="0.001" /><testcase classname="tests.python.test_baseline_repro" name="test_ours_restore_requires_fresh_factory_and_never_disables_integrity" time="0.001" /><testcase classname="tests.python.test_disk_layout.DiskLayoutTests" name="test_large_metadata_is_compressed_and_round_trips" time="0.028" /><testcase classname="tests.python.test_disk_layout.DiskLayoutTests" name="test_layout_rejects_full_delta_overlap" time="0.001" /><testcase classname="tests.python.test_disk_layout.DiskLayoutTests" name="test_metadata_round_trip_and_crc_rejection" time="0.001" /><testcase classname="tests.python.test_disk_layout.DiskLayoutTests" name="test_superblock_crc_rejection" time="0.001" /><testcase classname="tests.python.test_disk_layout.DiskLayoutTests" name="test_v2_layout_round_trip_has_disjoint_regions" time="0.001" /><testcase classname="tests.python.test_environment_upgrade.UserEnvironmentTests" name="test_candidate_is_not_implicitly_available_or_promoted" time="0.003" /><testcase classname="tests.python.test_environment_upgrade.UserEnvironmentTests" name="test_candidate_symlink_cannot_escape_private_installation" time="0.002" /><testcase classname="tests.python.test_environment_upgrade.UserEnvironmentTests" name="test_driver_change_requires_new_audit" time="0.002" /><testcase classname="tests.python.test_environment_upgrade.UserEnvironmentTests" name="test_inherited_python_cann_and_shell_hooks_are_removed" time="0.003" /><testcase classname="tests.python.test_environment_upgrade.UserEnvironmentTests" name="test_library_change_changes_environment_identity" time="0.003" /><testcase classname="tests.python.test_environment_upgrade.UserEnvironmentTests" name="test_matching_cann_is_accepted" time="0.003" /><testcase classname="tests.python.test_environment_upgrade.UserEnvironmentTests" name="test_missing_dependencies_and_wrong_cann_are_rejected" time="0.005" /><testcase classname="tests.python.test_environment_upgrade.UserEnvironmentTests" name="test_python_package_change_invalidates_environment_identity" time="0.003" /><testcase classname="tests.python.test_environment_upgrade.InventoryAndModelTests" name="test_config_support_never_implies_training_or_restart" time="0.001" /><testcase classname="tests.python.test_environment_upgrade.InventoryAndModelTests" name="test_permission_error_is_not_reported_as_missing" time="0.002" /><testcase classname="tests.python.test_experiment_evidence.PptEvidenceTests" name="test_bundle_writes_required_files_and_null_schema" time="0.036" /><testcase classname="tests.python.test_experiment_evidence.PptEvidenceTests" name="test_stats_reports_p99_at_thirty_samples" time="0.413" /><testcase classname="tests.python.test_experiment_evidence.PptEvidenceTests" name="test_stats_suppresses_p99_for_small_samples" time="0.001" /><testcase classname="tests.python.test_full_checkpoint_protocol.FullCheckpointProtocolTests" name="test_full_success_requires_persistence_and_restore" time="0.001" /><testcase classname="tests.python.test_full_checkpoint_protocol.FullCheckpointProtocolTests" name="test_none_baseline_is_not_restore_success" time="0.001" /><testcase classname="tests.python.test_qwen_native_state" name="test_restart_preflight[none]" time="0.005" /><testcase classname="tests.python.test_qwen_native_state" name="test_restart_preflight[missing_rank]" time="0.003" /><testcase classname="tests.python.test_qwen_native_state" name="test_restart_preflight[duplicate_rank]" time="0.003" /><testcase classname="tests.python.test_qwen_native_state" name="test_restart_preflight[wrong_step]" time="0.003" /><testcase classname="tests.python.test_qwen_native_state" name="test_restart_preflight[wrong_topology]" time="0.003" /><testcase classname="tests.python.test_qwen_native_state" name="test_restart_preflight[corrupt_shard]" time="0.004" /><testcase classname="tests.python.test_qwen_native_state" name="test_restart_preflight[empty_artifacts]" time="0.003" /><testcase classname="tests.python.test_qwen_native_state" name="test_restart_preflight[live_source]" time="0.003" /><testcase classname="tests.python.test_qwen_native_state" name="test_missing_ready_rank_times_out" time="0.002" /><testcase classname="tests.python.test_qwen_native_state" name="test_invalid_ready_record_cannot_release_barrier" time="0.002" /><testcase classname="tests.python.test_qwen_native_state" name="test_state_comparison_requires_exact_names_and_bytes" time="0.001" /><testcase classname="tests.python.test_qwen_native_state" name="test_training_identity_checked_before_communication[none]" time="0.002" /><testcase classname="tests.python.test_qwen_native_state" name="test_training_identity_checked_before_communication[optimizer]" time="0.002" /><testcase classname="tests.python.test_qwen_native_state" name="test_training_identity_checked_before_communication[deterministic]" time="0.002" /><testcase classname="tests.python.test_qwen_native_state" name="test_training_identity_checked_before_communication[seed]" time="0.002" /><testcase classname="tests.python.test_qwen_native_state" name="test_training_identity_checked_before_communication[model]" time="0.002" /><testcase classname="tests.python.test_qwen_native_state" name="test_training_identity_checked_before_communication[sink]" time="0.002" /><testcase classname="tests.python.test_qwen_native_state" name="test_training_identity_checked_before_communication[horizon]" time="0.002" /><testcase classname="tests.python.test_qwen_native_state" name="test_real_worker_rejects_restart_before_framework_import[missing_rank]" time="0.071" /><testcase classname="tests.python.test_qwen_native_state" name="test_real_worker_rejects_restart_before_framework_import[duplicate_rank]" time="0.068" /><testcase classname="tests.python.test_qwen_native_state" name="test_real_worker_rejects_restart_before_framework_import[wrong_rank]" time="0.068" /><testcase classname="tests.python.test_qwen_native_state" name="test_real_worker_rejects_restart_before_framework_import[wrong_step]" time="0.068" /><testcase classname="tests.python.test_qwen_native_state" name="test_real_worker_rejects_restart_before_framework_import[wrong_topology]" time="0.068" /><testcase classname="tests.python.test_qwen_native_state" name="test_real_worker_rejects_restart_before_framework_import[corrupt_shard]" time="0.069" /><testcase classname="tests.python.test_qwen_training_entry" name="test_report_replace_is_complete" time="0.002" /><testcase classname="tests.python.test_qwen_training_entry" name="test_invalid_steps_rejected_before_loading_runtime" time="0.063" /><testcase classname="tests.python.test_qwen_training_entry" name="test_launcher_uses_candidate_module_and_joins_workers" time="0.008" /><testcase classname="tests.python.test_qwen_training_entry" name="test_training_uses_native_nonlegacy_context" time="0.001" /><testcase classname="tests.python.test_qwen_training_entry" name="test_checkpoint_audit_rejects_truncation_and_wrong_step" time="0.003" /><testcase classname="tests.python.test_repository_dependencies" name="test_active_dependency_graph_resolves" time="0.572" /><testcase classname="tests.python.test_safetensors_audit" name="test_hashes_cover_file_and_each_tensor" time="0.002" /><testcase classname="tests.python.test_safetensors_audit" name="test_bad_container_rejected_before_payload_read[size]" time="0.001" /><testcase classname="tests.python.test_safetensors_audit" name="test_bad_container_rejected_before_payload_read[negative]" time="0.001" /><testcase classname="tests.python.test_safetensors_audit" name="test_bad_container_rejected_before_payload_read[bool]" time="0.001" /><testcase classname="tests.python.test_safetensors_audit" name="test_bad_container_rejected_before_payload_read[overlap]" time="0.001" /><testcase classname="tests.python.test_safetensors_audit" name="test_bad_container_rejected_before_payload_read[hole]" time="0.001" /><testcase classname="tests.python.test_safetensors_audit" name="test_bad_container_rejected_before_payload_read[trailing]" time="0.001" /><testcase classname="tests.python.test_safetensors_audit" name="test_bad_container_rejected_before_payload_read[dtype]" time="0.001" /><testcase classname="tests.python.test_safetensors_audit" name="test_bad_container_rejected_before_payload_read[truncated]" time="0.001" /><testcase classname="tests.python.test_safetensors_audit" name="test_duplicate_tensor_name_rejected" time="0.001" /><testcase classname="tests.python.test_training_state.TrainingStateCodecTests" name="test_capture_and_restore_complete_controls" time="0.002" /><testcase classname="tests.python.test_training_state.TrainingStateCodecTests" name="test_checksum_failure_is_rejected" time="0.001" /><testcase classname="tests.python.test_training_state.TrainingStateCodecTests" name="test_namespace_validation" time="0.001" /><testcase classname="tests.python.test_training_state.TrainingStateCodecTests" name="test_restore_rejects_missing_control" time="0.001" /><testcase classname="tests.python.test_training_state.TrainingStateCodecTests" name="test_rng_and_cursor_roundtrip" time="0.004" /><testcase classname="tests.python.test_wp1_tools.Wp1TimelineTests" name="test_monotonic_events_pass" time="0.001" /><testcase classname="tests.python.test_wp1_tools.Wp1TimelineTests" name="test_negative_duration_fails" time="0.001" /><testcase classname="tests.python.test_wp1_tools.Wp1TimelineTests" name="test_non_monotonic_events_fail" time="0.001" /></testsuite></testsuites>