<?xml version="1.0" encoding="utf-8"?><testsuites name="pytest tests"><testsuite name="pytest" errors="0" failures="0" skipped="0" tests="48" time="0.689" timestamp="2026-09-14T13:53:44.145873+08:00" hostname="train06"><testcase classname="tests.d1.test_catalog_crash" name="test_all_catalog_write_flush_crash_windows[1-retire]" time="0.021" /><testcase classname="tests.d1.test_catalog_crash" name="test_all_catalog_write_flush_crash_windows[1-publish]" time="0.023" /><testcase classname="tests.d1.test_catalog_crash" name="test_all_catalog_write_flush_crash_windows[2-retire]" time="0.018" /><testcase classname="tests.d1.test_catalog_crash" name="test_all_catalog_write_flush_crash_windows[2-publish]" time="0.022" /><testcase classname="tests.d1.test_catalog_crash" name="test_all_catalog_write_flush_crash_windows[3-retire]" time="0.019" /><testcase classname="tests.d1.test_catalog_crash" name="test_all_catalog_write_flush_crash_windows[3-publish]" time="0.023" /><testcase classname="tests.d1.test_catalog_crash" name="test_all_catalog_write_flush_crash_windows[4-retire]" time="0.019" /><testcase classname="tests.d1.test_catalog_crash" name="test_all_catalog_write_flush_crash_windows[4-publish]" time="0.022" /><testcase classname="tests.d1.test_catalog_crash" name="test_all_catalog_write_flush_crash_windows[5-retire]" time="0.019" /><testcase classname="tests.d1.test_catalog_crash" name="test_all_catalog_write_flush_crash_windows[5-publish]" time="0.023" /><testcase classname="tests.d1.test_catalog_crash" name="test_all_catalog_write_flush_crash_windows[6-retire]" time="0.019" /><testcase classname="tests.d1.test_catalog_crash" name="test_all_catalog_write_flush_crash_windows[6-publish]" time="0.023" /><testcase classname="tests.d1.test_catalog_crash" name="test_all_catalog_write_flush_crash_windows[7-retire]" time="0.018" /><testcase classname="tests.d1.test_catalog_crash" name="test_all_catalog_write_flush_crash_windows[7-publish]" time="0.022" /><testcase classname="tests.d1.test_catalog_crash" name="test_all_catalog_write_flush_crash_windows[8-retire]" time="0.018" /><testcase classname="tests.d1.test_catalog_crash" name="test_all_catalog_write_flush_crash_windows[8-publish]" time="0.023" /><testcase classname="tests.d1.test_catalog_crash" name="test_corrupt_active_replica_never_falls_back_to_reused_payload" time="0.035" /><testcase classname="tests.d1.test_commit" name="test_duplicate_conflict_and_identity" time="0.003" /><testcase classname="tests.d1.test_commit" name="test_wraparound_retires_fallback_before_reuse" time="0.030" /><testcase classname="tests.d1.test_commit" name="test_pins_are_reference_counted" time="0.012" /><testcase classname="tests.d1.test_commit" name="test_reservation_blocks_late_pin_and_other_reservations" time="0.008" /><testcase classname="tests.d1.test_commit" name="test_publish_failure_does_not_mutate_committed_catalog" time="0.007" /><testcase classname="tests.d1.test_commit" name="test_terminal_retention_and_restart_unknown" time="0.058" /><testcase classname="tests.d1.test_commit" name="test_concurrent_reservations_have_one_winner" time="0.002" /><testcase classname="tests.d1.test_runtime" name="test_save_close_reopen_restore" time="0.006" /><testcase classname="tests.d1.test_runtime" name="test_busy_timeout_and_late_success" time="0.006" /><testcase classname="tests.d1.test_runtime" name="test_start_failure_releases_exactly_once" time="0.005" /><testcase classname="tests.d1.test_runtime" name="test_unsafe_write_failure_retains_frozen_buffers" time="0.002" /><testcase classname="tests.d1.test_runtime" name="test_close_wakes_blocked_submitter" time="0.005" /><testcase classname="tests.d1.test_runtime" name="test_release_failure_retains_and_wakes_waiters[False]" time="0.006" /><testcase classname="tests.d1.test_runtime" name="test_release_failure_retains_and_wakes_waiters[True]" time="0.002" /><testcase classname="tests.d1.test_strict" name="test_stream_success" time="0.004" /><testcase classname="tests.d1.test_strict" name="test_planning_rejects_before_target_or_read[identity]" time="0.004" /><testcase classname="tests.d1.test_strict" name="test_planning_rejects_before_target_or_read[shape]" time="0.004" /><testcase classname="tests.d1.test_strict" name="test_planning_rejects_before_target_or_read[dtype]" time="0.003" /><testcase classname="tests.d1.test_strict" name="test_planning_rejects_before_target_or_read[controls]" time="0.003" /><testcase classname="tests.d1.test_strict" name="test_planning_rejects_before_target_or_read[checksum]" time="0.004" /><testcase classname="tests.d1.test_strict" name="test_planning_rejects_before_target_or_read[overlap]" time="0.004" /><testcase classname="tests.d1.test_strict" name="test_planning_rejects_before_target_or_read[offset]" time="0.004" /><testcase classname="tests.d1.test_strict" name="test_planning_rejects_before_target_or_read[legacy]" time="0.003" /><testcase classname="tests.d1.test_strict" name="test_planning_rejects_before_target_or_read[whole_digest]" time="0.004" /><testcase classname="tests.d1.test_strict" name="test_failure_never_returns_ready_target[last_chunk]" time="0.004" /><testcase classname="tests.d1.test_strict" name="test_failure_never_returns_ready_target[whole_tensor]" time="0.004" /><testcase classname="tests.d1.test_strict" name="test_failure_never_returns_ready_target[controls]" time="0.004" /><testcase classname="tests.d1.test_strict" name="test_failure_never_returns_ready_target[apply]" time="0.004" /><testcase classname="tests.d1.test_strict" name="test_failure_never_returns_ready_target[mark_ready]" time="0.004" /><testcase classname="tests.d1.test_strict" name="test_timeout_only_ends_observation" time="0.002" /><testcase classname="tests.d1.test_strict" name="test_unsafe_failure_retains_target_and_pin" time="0.004" /></testsuite></testsuites>