<?xml version="1.0" encoding="utf-8"?><testsuites name="pytest tests"><testsuite name="pytest" errors="0" failures="0" skipped="0" tests="13" time="5.172" timestamp="2026-09-14T00:03:52.439056+08:00" hostname="train06"><testcase classname="tests.regression.test_admission_lifetime" name="test_second_budget_failure_leaves_request_budget_available" time="5.003" /><testcase classname="tests.regression.test_admission_lifetime" name="test_lease_cannot_release_twice" time="0.001" /><testcase classname="tests.regression.test_admission_lifetime" name="test_close_wakes_submitter_and_retains_accepted_lease" time="0.021" /><testcase classname="tests.regression.test_admission_lifetime" name="test_admission_timeout_does_not_release_other_request" time="0.021" /><testcase classname="tests.regression.test_admission_lifetime" name="test_preworker_failures_release_only_owned_resources[prepare]" time="0.001" /><testcase classname="tests.regression.test_admission_lifetime" name="test_preworker_failures_release_only_owned_resources[chunks]" time="0.002" /><testcase classname="tests.regression.test_admission_lifetime" name="test_preworker_failures_release_only_owned_resources[thread_start]" time="0.002" /><testcase classname="tests.regression.test_admission_lifetime" name="test_cancelled_worker_does_not_unlock_foreign_mutex" time="0.002" /><testcase classname="tests.regression.test_admission_lifetime" name="test_barrier_includes_capture_not_yet_registered_as_worker" time="0.011" /><testcase classname="tests.regression.test_admission_lifetime" name="test_poison_does_not_publish_running_dma_as_cancelled" time="0.001" /><testcase classname="tests.regression.test_admission_lifetime" name="test_concurrent_submitters_have_unique_order_and_balanced_leases" time="0.003" /><testcase classname="tests.regression.test_admission_lifetime" name="test_reset_returns_acknowledged_failure" time="0.001" /><testcase classname="tests.regression.test_admission_lifetime" name="test_quarantine_has_bounded_owned_byte_ledger" time="0.001" /></testsuite></testsuites>