<?xml version="1.0" encoding="utf-8"?><testsuites name="pytest tests"><testsuite name="pytest" errors="0" failures="0" skipped="0" tests="34" time="0.104" timestamp="2026-09-14T15:48:19.206931+08:00" hostname="train06"><testcase classname="tests.acceptance.test_d1_join" name="test_missing_hardware_cannot_pass" time="0.003" /><testcase classname="tests.acceptance.test_d1_join" name="test_software_pass_alone_cannot_pass" time="0.001" /><testcase classname="tests.acceptance.test_retirement" name="test_removed_options_reject_before_framework_or_device[kwargs0]" time="0.001" /><testcase classname="tests.acceptance.test_retirement" name="test_removed_options_reject_before_framework_or_device[kwargs1]" time="0.001" /><testcase classname="tests.acceptance.test_retirement" name="test_removed_options_reject_before_framework_or_device[kwargs2]" time="0.001" /><testcase classname="tests.acceptance.test_retirement" name="test_removed_options_reject_before_framework_or_device[kwargs3]" time="0.001" /><testcase classname="tests.acceptance.test_retirement" name="test_removed_options_reject_before_framework_or_device[kwargs4]" time="0.001" /><testcase classname="tests.acceptance.test_retirement" name="test_removed_options_reject_before_framework_or_device[kwargs5]" time="0.001" /><testcase classname="tests.acceptance.test_retirement" name="test_removed_methods_are_absent[save]" time="0.001" /><testcase classname="tests.acceptance.test_retirement" name="test_removed_methods_are_absent[load]" time="0.001" /><testcase classname="tests.acceptance.test_retirement" name="test_removed_methods_are_absent[load_state]" time="0.001" /><testcase classname="tests.acceptance.test_retirement" name="test_removed_methods_are_absent[recover]" time="0.001" /><testcase classname="tests.acceptance.test_retirement" name="test_removed_methods_are_absent[delta_save]" time="0.001" /><testcase classname="tests.acceptance.test_retirement" name="test_removed_methods_are_absent[_persist_metadata]" time="0.001" /><testcase classname="tests.acceptance.test_retirement" name="test_removed_methods_are_absent[register_tasks]" time="0.001" /><testcase classname="tests.acceptance.test_retirement" name="test_removed_methods_are_absent[write_host_frame]" time="0.001" /><testcase classname="tests.acceptance.test_retirement" name="test_removed_methods_are_absent[cleanup]" time="0.001" /><testcase classname="tests.acceptance.test_retirement" name="test_removed_methods_are_absent[wait_for_io_completion]" time="0.001" /><testcase classname="tests.acceptance.test_retirement" name="test_removed_methods_are_absent[live_async_capability]" time="0.001" /><testcase classname="tests.acceptance.test_retirement" name="test_removed_modules_are_absent[direct_checkpoint]" time="0.001" /><testcase classname="tests.acceptance.test_retirement" name="test_removed_modules_are_absent[c_bindings]" time="0.001" /><testcase classname="tests.acceptance.test_retirement" name="test_removed_modules_are_absent[chunk_helpers]" time="0.001" /><testcase classname="tests.acceptance.test_retirement" name="test_removed_modules_are_absent[disk_layout]" time="0.001" /><testcase classname="tests.acceptance.test_retirement" name="test_removed_modules_are_absent[full_checkpoint_protocol]" time="0.001" /><testcase classname="tests.acceptance.test_retirement" name="test_removed_modules_are_absent[training_cell]" time="0.001" /><testcase classname="tests.acceptance.test_retirement" name="test_removed_modules_are_absent[delta_protocol]" time="0.001" /><testcase classname="tests.acceptance.test_retirement" name="test_removed_modules_are_absent[r0_pipeline]" time="0.001" /><testcase classname="tests.acceptance.test_retirement" name="test_removed_modules_are_absent[multirank_protocol]" time="0.001" /><testcase classname="tests.acceptance.test_retirement" name="test_removed_modules_are_absent[npu_nvme.checkpoint]" time="0.001" /><testcase classname="tests.acceptance.test_retirement" name="test_removed_modules_are_absent[npu_nvme.runtime.scheduler]" time="0.001" /><testcase classname="tests.acceptance.test_retirement" name="test_removed_modules_are_absent[npu_nvme.runtime.handle]" time="0.001" /><testcase classname="tests.acceptance.test_retirement" name="test_removed_modules_are_absent[npu_nvme.storage.transport]" time="0.001" /><testcase classname="tests.acceptance.test_retirement" name="test_old_envelope_is_rejected_with_valid_crc" time="0.001" /><testcase classname="tests.acceptance.test_retirement" name="test_catalog_property_is_detached" time="0.001" /></testsuite></testsuites>