<?xml version="1.0" encoding="utf-8"?><testsuites name="pytest tests"><testsuite name="pytest" errors="0" failures="0" skipped="0" tests="4" time="5.147" timestamp="2026-09-14T12:03:18.572793+08:00" hostname="train06"><testcase classname="tests.gates.test_runtime_ownership" name="test_drain_watermark_does_not_wait_for_later_admission" time="0.002" /><testcase classname="tests.gates.test_runtime_ownership" name="test_framework_capture_freezes_host_values_without_a_facade" time="0.088" /><testcase classname="tests.gates.test_runtime_ownership" name="test_training_cell_alias_has_canonical_identity" time="4.916" /><testcase classname="tests.gates.test_runtime_ownership" name="test_d1_reservation_is_single_owner_and_unknown_is_explicit" time="0.009" /></testsuite></testsuites>