<?xml version="1.0" encoding="utf-8"?><testsuites name="pytest tests"><testsuite name="pytest" errors="0" failures="0" skipped="0" tests="86" time="5.664" timestamp="2026-09-14T17:15:39.499313+08:00" hostname="train06"><testcase classname="tests.c1.test_acceptance" name="test_complete_fixture" time="0.009" /><testcase classname="tests.c1.test_acceptance" name="test_semantically_bad_evidence_rejected_even_with_new_hashes[missing_method]" time="0.007" /><testcase classname="tests.c1.test_acceptance" name="test_semantically_bad_evidence_rejected_even_with_new_hashes[failed_child]" time="0.008" /><testcase classname="tests.c1.test_acceptance" name="test_semantically_bad_evidence_rejected_even_with_new_hashes[missing_resource]" time="0.008" /><testcase classname="tests.c1.test_acceptance" name="test_semantically_bad_evidence_rejected_even_with_new_hashes[fake_timing]" time="0.008" /><testcase classname="tests.c1.test_acceptance" name="test_semantically_bad_evidence_rejected_even_with_new_hashes[wrong_binary]" time="0.008" /><testcase classname="tests.c1.test_acceptance" name="test_semantically_bad_evidence_rejected_even_with_new_hashes[missing_oracle]" time="0.013" /><testcase classname="tests.c1.test_acceptance" name="test_semantically_bad_evidence_rejected_even_with_new_hashes[wrong_model]" time="0.009" /><testcase classname="tests.c1.test_acceptance" name="test_semantically_bad_evidence_rejected_even_with_new_hashes[wrong_commit]" time="0.008" /><testcase classname="tests.c1.test_acceptance" name="test_semantically_bad_evidence_rejected_even_with_new_hashes[missing_byte_proof]" time="0.008" /><testcase classname="tests.c1.test_acceptance" name="test_pilot_cannot_pass_formal_acceptance" time="0.006" /><testcase classname="tests.c1.test_acceptance" name="test_missing_artifact_rejected" time="0.005" /><testcase classname="tests.c1.test_bindings" name="test_missing_library_is_typed" time="0.001" /><testcase classname="tests.c1.test_bindings" name="test_missing_required_symbol_is_typed[npu_nvme_init]" time="0.001" /><testcase classname="tests.c1.test_bindings" name="test_missing_required_symbol_is_typed[npu_nvme_flush]" time="0.001" /><testcase classname="tests.c1.test_bindings" name="test_missing_required_symbol_is_typed[npu_nvme_close]" time="0.001" /><testcase classname="tests.c1.test_bindings" name="test_missing_required_symbol_is_typed[npu_nvme_read_batch_host]" time="0.001" /><testcase classname="tests.c1.test_bindings" name="test_missing_required_symbol_is_typed[npu_nvme_write_batch_host]" time="0.001" /><testcase classname="tests.c1.test_bindings" name="test_missing_required_symbol_is_typed[npu_nvme_wait_quiescent]" time="0.001" /><testcase classname="tests.c1.test_bindings" name="test_optional_symbols_independent[npu_nvme_submit_write_batch_host]" time="0.001" /><testcase classname="tests.c1.test_bindings" name="test_optional_symbols_independent[npu_nvme_poll_request]" time="0.001" /><testcase classname="tests.c1.test_bindings" name="test_optional_symbols_independent[npu_nvme_release_request]" time="0.001" /><testcase classname="tests.c1.test_bindings" name="test_optional_symbols_independent[npu_nvme_delta_get_area_offset]" time="0.001" /><testcase classname="tests.c1.test_bindings" name="test_optional_symbols_independent[npu_nvme_get_io_timeout_ms]" time="0.001" /><testcase classname="tests.c1.test_bindings" name="test_optional_symbols_independent[npu_nvme_register_tasks]" time="0.001" /><testcase classname="tests.c1.test_bindings" name="test_legacy_import_never_loads_library" time="0.075" /><testcase classname="tests.c1.test_contracts" name="test_config_rejects_unsupported_contract[runtime-wait_ms-True]" time="0.002" /><testcase classname="tests.c1.test_contracts" name="test_config_rejects_unsupported_contract[runtime-wait_ms-0]" time="0.002" /><testcase classname="tests.c1.test_contracts" name="test_config_rejects_unsupported_contract[runtime-wait_ms-inf]" time="0.002" /><testcase classname="tests.c1.test_contracts" name="test_config_rejects_unsupported_contract[runtime-chunk_bytes-4194304]" time="0.002" /><testcase classname="tests.c1.test_contracts" name="test_config_rejects_unsupported_contract[runtime-chunk_bytes-4097]" time="0.002" /><testcase classname="tests.c1.test_contracts" name="test_config_rejects_unsupported_contract[runtime-max_requests-2]" time="0.002" /><testcase classname="tests.c1.test_contracts" name="test_config_rejects_unsupported_contract[checkpoint-transport-async]" time="0.002" /><testcase classname="tests.c1.test_contracts" name="test_config_rejects_unsupported_contract[checkpoint-capture-live]" time="0.002" /><testcase classname="tests.c1.test_contracts" name="test_config_rejects_unsupported_contract[checkpoint-retention-3]" time="0.002" /><testcase classname="tests.c1.test_contracts" name="test_config_rejects_unsupported_contract[storage-pci-0000:84:00.0]" time="0.002" /><testcase classname="tests.c1.test_contracts" name="test_config_rejects_unsupported_contract[storage-offset-4096]" time="0.002" /><testcase classname="tests.c1.test_contracts" name="test_config_rejects_unsupported_contract[storage-owner-multi]" time="0.002" /><testcase classname="tests.c1.test_contracts" name="test_config_rejects_unsupported_contract[workload-seeds-value12]" time="0.002" /><testcase classname="tests.c1.test_contracts" name="test_config_rejects_unsupported_contract[workload-seeds-value13]" time="0.002" /><testcase classname="tests.c1.test_contracts" name="test_config_rejects_unsupported_contract[workload-batch-4]" time="0.002" /><testcase classname="tests.c1.test_contracts" name="test_config_rejects_unsupported_contract[measurement-loss_atol-0.001]" time="0.003" /><testcase classname="tests.c1.test_contracts" name="test_config_rejects_unsupported_contract[measurement-continue_steps-0]" time="0.002" /><testcase classname="tests.c1.test_contracts" name="test_config_rejects_unsupported_contract[identity-allow_dirty-true]" time="0.002" /><testcase classname="tests.c1.test_contracts" name="test_config_rejects_unsupported_contract[identity-expected_commit-anything]" time="0.002" /><testcase classname="tests.c1.test_contracts" name="test_schema_is_closed[unknown]" time="0.002" /><testcase classname="tests.c1.test_contracts" name="test_schema_is_closed[missing]" time="0.002" /><testcase classname="tests.c1.test_contracts" name="test_schema_is_closed[version]" time="0.002" /><testcase classname="tests.c1.test_contracts" name="test_loss_oracle_cannot_be_empty_or_relaxed[actual0-expected0]" time="0.001" /><testcase classname="tests.c1.test_contracts" name="test_loss_oracle_cannot_be_empty_or_relaxed[actual1-expected1]" time="0.001" /><testcase classname="tests.c1.test_contracts" name="test_loss_oracle_cannot_be_empty_or_relaxed[actual2-expected2]" time="0.001" /><testcase classname="tests.c1.test_contracts" name="test_loss_oracle_cannot_be_empty_or_relaxed[actual3-expected3]" time="0.001" /><testcase classname="tests.c1.test_contracts" name="test_loss_oracle_cannot_be_empty_or_relaxed[actual4-expected4]" time="0.001" /><testcase classname="tests.c1.test_contracts" name="test_loss_oracle_cannot_be_empty_or_relaxed[actual5-expected5]" time="0.001" /><testcase classname="tests.c1.test_contracts" name="test_loss_oracle_cannot_be_empty_or_relaxed[actual6-expected6]" time="0.001" /><testcase classname="tests.c1.test_contracts" name="test_loss_uses_each_oracle_value" time="0.001" /><testcase classname="tests.c1.test_contracts" name="test_failure_aggregation[0-1-restore0]" time="0.001" /><testcase classname="tests.c1.test_contracts" name="test_failure_aggregation[1-0-restore1]" time="0.001" /><testcase classname="tests.c1.test_contracts" name="test_failure_aggregation[0-0-restore2]" time="0.001" /><testcase classname="tests.c1.test_contracts" name="test_failure_aggregation[0-0-restore3]" time="0.001" /><testcase classname="tests.c1.test_contracts" name="test_failure_aggregation[0-0-restore4]" time="0.001" /><testcase classname="tests.c1.test_contracts" name="test_failure_aggregation[0-0-restore5]" time="0.001" /><testcase classname="tests.c1.test_contracts" name="test_legacy_run_propagates_restore_failure[None-0]" time="0.003" /><testcase classname="tests.c1.test_contracts" name="test_legacy_run_propagates_restore_failure[report1-0]" time="0.003" /><testcase classname="tests.c1.test_contracts" name="test_legacy_run_propagates_restore_failure[report2-1]" time="0.003" /><testcase classname="tests.c1.test_contracts" name="test_continue_does_not_change_failure" time="0.011" /><testcase classname="tests.c1.test_contracts" name="test_device_free_cli_import_and_dry_run" time="0.199" /><testcase classname="tests.c1.test_contracts" name="test_storage_comparison_groups" time="0.001" /><testcase classname="tests.c1.test_contracts" name="test_format_missing_flush_fails_before_device" time="0.002" /><testcase classname="tests.c1.test_contracts" name="test_inspect_read_failure_does_not_return_success" time="0.001" /><testcase classname="tests.c1.test_contracts" name="test_export_is_explicitly_retired_without_pickle" time="0.001" /><testcase classname="tests.c1.test_contracts" name="test_worker_wait_has_deadline" time="0.001" /><testcase classname="tests.c1.test_reports" name="test_restore_report_fails_closed[status-fail]" time="0.001" /><testcase classname="tests.c1.test_reports" name="test_restore_report_fails_closed[byte_exact-yes]" time="0.001" /><testcase classname="tests.c1.test_reports" name="test_restore_report_fails_closed[mandatory_integrity-False]" time="0.001" /><testcase classname="tests.c1.test_reports" name="test_restore_report_fails_closed[controls_verified-1]" time="0.001" /><testcase classname="tests.c1.test_reports" name="test_restore_report_fails_closed[restore_pid-1]" time="0.001" /><testcase classname="tests.c1.test_reports" name="test_restore_report_fails_closed[source_pid-5]" time="0.001" /><testcase classname="tests.c1.test_reports" name="test_restore_report_fails_closed[generation-4]" time="0.001" /><testcase classname="tests.c1.test_reports" name="test_restore_report_fails_closed[checkpoint_step-9]" time="0.001" /><testcase classname="tests.c1.test_reports" name="test_restore_report_fails_closed[applied_state_sha256-bbbbbbbbbbbbbbbbbbbbbbbbbbbbbbbbbbbbbbbbbbbbbbbbbbbbbbbbbbbbbbbb]" time="0.001" /><testcase classname="tests.c1.test_reports" name="test_restore_report_fails_closed[expected_state_sha256-None]" time="0.001" /><testcase classname="tests.c1.test_reports" name="test_restore_report_fails_closed[source_oracle_losses-value10]" time="0.001" /><testcase classname="tests.c1.test_reports" name="test_restore_report_fails_closed[restored_losses-value11]" time="0.001" /><testcase classname="tests.c1.test_reports" name="test_valid_restore_report" time="0.001" /><testcase classname="tests.c1.test_reports" name="test_prune_only_own_completed_generations" time="0.002" /></testsuite></testsuites>