<?xml version="1.0" encoding="utf-8"?><testsuites name="pytest tests"><testsuite name="pytest" errors="0" failures="0" skipped="0" tests="4" time="0.035" timestamp="2026-09-11T20:42:34.451756+08:00" hostname="train06"><testcase classname="tests.python.test_full_checkpoint_protocol.FullCheckpointProtocolTests" name="test_full_success_requires_persistence_and_restore" time="0.001" /><testcase classname="tests.python.test_full_checkpoint_protocol.FullCheckpointProtocolTests" name="test_happy_path_transitions" time="0.001" /><testcase classname="tests.python.test_full_checkpoint_protocol.FullCheckpointProtocolTests" name="test_metadata_cannot_precede_flush" time="0.001" /><testcase classname="tests.python.test_full_checkpoint_protocol.FullCheckpointProtocolTests" name="test_none_baseline_is_not_restore_success" time="0.001" /></testsuite></testsuites>